app/build/intermediates/manifest_merge_blame_file/debug/manifest-merger-blame-debug-report.txt
1<?xml version="1.0" encoding="utf-8"?>
2<manifest xmlns:android="http://schemas.android.com/apk/res/android"
3    package="com.app.base.mainapp"
4    android:versionCode="1"
5    android:versionName="1.0" >
6
7    <uses-sdk
8        android:minSdkVersion="21"
8-->src\main\AndroidManifest.xml
9        android:targetSdkVersion="29" />
9-->src\main\AndroidManifest.xml
10
11    <uses-permission android:name="android.permission.INTERNET" />
11-->src\main\AndroidManifest.xml:6:5-67
11-->src\main\AndroidManifest.xml:6:22-64
12    <uses-permission android:name="android.permission.CAMERA" />
12-->src\main\AndroidManifest.xml:7:5-65
12-->src\main\AndroidManifest.xml:7:22-62
13    <uses-permission android:name="android.permission.BLUETOOTH" />
13-->src\main\AndroidManifest.xml:8:5-68
13-->src\main\AndroidManifest.xml:8:22-65
14    <uses-permission android:name="android.permission.BLUETOOTH_ADMIN" />
14-->src\main\AndroidManifest.xml:9:5-74
14-->src\main\AndroidManifest.xml:9:22-71
15    <uses-permission android:name="android.permission.CHANGE_WIFI_STATE" />
15-->src\main\AndroidManifest.xml:10:5-76
15-->src\main\AndroidManifest.xml:10:22-73
16    <uses-permission android:name="android.permission.ACCESS_NETWORK_STATE" />
16-->src\main\AndroidManifest.xml:11:5-79
16-->src\main\AndroidManifest.xml:11:22-76
17    <uses-permission android:name="android.permission.ACCESS_WIFI_STATE" />
17-->src\main\AndroidManifest.xml:12:5-76
17-->src\main\AndroidManifest.xml:12:22-73
18    <uses-permission android:name="android.permission.ACCESS_FINE_LOCATION" />
18-->src\main\AndroidManifest.xml:13:5-79
18-->src\main\AndroidManifest.xml:13:22-76
19    <uses-permission android:name="android.permission.ACCESS_COARSE_LOCATION" />
19-->src\main\AndroidManifest.xml:14:5-81
19-->src\main\AndroidManifest.xml:14:22-78
20    <uses-permission android:name="com.google.android.providers.gsf.permission.READ_GSERVICES" />
20-->src\main\AndroidManifest.xml:15:5-98
20-->src\main\AndroidManifest.xml:15:22-95
21    <uses-permission android:name="android.permission.WRITE_EXTERNAL_STORAGE" />
21-->src\main\AndroidManifest.xml:16:5-81
21-->src\main\AndroidManifest.xml:16:22-78
22    <uses-permission android:name="android.permission.FOREGROUND_SERVICE" />
22-->src\main\AndroidManifest.xml:17:5-77
22-->src\main\AndroidManifest.xml:17:22-74
23    <uses-permission android:name="android.permission.SYSTEM_ALERT_WINDOW" />
23-->src\main\AndroidManifest.xml:18:5-78
23-->src\main\AndroidManifest.xml:18:22-75
24    <uses-permission android:name="android.permission.READ_EXTERNAL_STORAGE" />
24-->src\main\AndroidManifest.xml:19:5-80
24-->src\main\AndroidManifest.xml:19:22-77
25
26    <uses-feature
26-->src\main\AndroidManifest.xml:21:5-23:35
27        android:glEsVersion="0x00020000"
27-->src\main\AndroidManifest.xml:22:9-41
28        android:required="true" />
28-->src\main\AndroidManifest.xml:23:9-32
29    <uses-feature
29-->src\main\AndroidManifest.xml:24:5-26:35
30        android:name="android.hardware.camera"
30-->src\main\AndroidManifest.xml:25:9-47
31        android:required="true" />
31-->src\main\AndroidManifest.xml:26:9-32
32    <uses-feature
32-->[com.otaliastudios:cameraview:2.6.1] AndroidManifest.xml:22:5-24:36
33        android:name="android.hardware.camera.autofocus"
33-->[com.otaliastudios:cameraview:2.6.1] AndroidManifest.xml:23:9-57
34        android:required="false" />
34-->[com.otaliastudios:cameraview:2.6.1] AndroidManifest.xml:24:9-33
35    <uses-feature
35-->[com.otaliastudios:cameraview:2.6.1] AndroidManifest.xml:25:5-27:36
36        android:name="android.hardware.camera.front"
36-->[com.otaliastudios:cameraview:2.6.1] AndroidManifest.xml:26:9-53
37        android:required="false" />
37-->[com.otaliastudios:cameraview:2.6.1] AndroidManifest.xml:27:9-33
38    <uses-feature
38-->[com.otaliastudios:cameraview:2.6.1] AndroidManifest.xml:28:5-30:36
39        android:name="android.hardware.microphone"
39-->[com.otaliastudios:cameraview:2.6.1] AndroidManifest.xml:29:9-51
40        android:required="false" />
40-->[com.otaliastudios:cameraview:2.6.1] AndroidManifest.xml:30:9-33
41
42    <uses-permission android:name="android.permission.WAKE_LOCK" />
42-->[com.google.android.gms:play-services-measurement:17.3.0] AndroidManifest.xml:25:5-68
42-->[com.google.android.gms:play-services-measurement:17.3.0] AndroidManifest.xml:25:22-65
43    <uses-permission android:name="com.google.android.finsky.permission.BIND_GET_INSTALL_REFERRER_SERVICE" /> <!-- Required by older versions of Google Play services to create IID tokens -->
43-->[com.google.android.gms:play-services-measurement:17.3.0] AndroidManifest.xml:26:5-110
43-->[com.google.android.gms:play-services-measurement:17.3.0] AndroidManifest.xml:26:22-107
44    <uses-permission android:name="com.google.android.c2dm.permission.RECEIVE" />
44-->[com.google.firebase:firebase-iid:20.1.5] AndroidManifest.xml:26:5-82
44-->[com.google.firebase:firebase-iid:20.1.5] AndroidManifest.xml:26:22-79
45
46    <application
46-->src\main\AndroidManifest.xml:28:5-87:19
47        android:name="com.app.base.mainapp.MainApp"
47-->src\main\AndroidManifest.xml:29:9-52
48        android:allowBackup="false"
48-->src\main\AndroidManifest.xml:30:9-36
49        android:appComponentFactory="androidx.core.app.CoreComponentFactory"
49-->[androidx.core:core:1.1.0] AndroidManifest.xml:24:18-86
50        android:debuggable="true"
51        android:icon="@mipmap/ic_icon"
51-->src\main\AndroidManifest.xml:31:9-39
52        android:label="@string/app_name"
52-->src\main\AndroidManifest.xml:32:9-41
53        android:networkSecurityConfig="@xml/network_security_config"
53-->src\main\AndroidManifest.xml:33:9-69
54        android:roundIcon="@mipmap/ic_icon"
54-->src\main\AndroidManifest.xml:34:9-44
55        android:supportsRtl="true"
55-->src\main\AndroidManifest.xml:35:9-35
56        android:testOnly="true"
57        android:theme="@style/AppTheme" >
57-->src\main\AndroidManifest.xml:36:9-40
58        <activity
58-->src\main\AndroidManifest.xml:42:9-53:20
59            android:name="com.app.base.mainapp.presentations.home.HomeActivity"
59-->src\main\AndroidManifest.xml:43:13-80
60            android:configChanges="layoutDirection|locale"
60-->src\main\AndroidManifest.xml:44:13-59
61            android:screenOrientation="portrait"
61-->src\main\AndroidManifest.xml:45:13-49
62            android:windowSoftInputMode="adjustPan" >
62-->src\main\AndroidManifest.xml:46:13-52
63            <intent-filter>
63-->src\main\AndroidManifest.xml:47:13-50:29
64                <action android:name="android.intent.action.MAIN" />
64-->src\main\AndroidManifest.xml:48:17-69
64-->src\main\AndroidManifest.xml:48:25-66
65
66                <category android:name="android.intent.category.LAUNCHER" />
66-->src\main\AndroidManifest.xml:49:17-77
66-->src\main\AndroidManifest.xml:49:27-74
67            </intent-filter>
68        </activity>
69
70        <service
70-->src\main\AndroidManifest.xml:58:9-64:19
71            android:name="com.app.base.mainapp.utils.firebase.FireBaseMessagingService"
71-->src\main\AndroidManifest.xml:59:13-88
72            android:exported="false" >
72-->src\main\AndroidManifest.xml:60:13-37
73            <intent-filter>
73-->src\main\AndroidManifest.xml:61:13-63:29
74                <action android:name="com.google.firebase.MESSAGING_EVENT" />
74-->src\main\AndroidManifest.xml:62:17-78
74-->src\main\AndroidManifest.xml:62:25-75
75            </intent-filter>
76        </service>
77
78        <meta-data
78-->src\main\AndroidManifest.xml:65:9-67:50
79            android:name="com.google.firebase.messaging.default_notification_icon"
79-->src\main\AndroidManifest.xml:66:13-83
80            android:resource="@mipmap/ic_icon" />
80-->src\main\AndroidManifest.xml:67:13-47
81        <meta-data
81-->src\main\AndroidManifest.xml:68:9-70:58
82            android:name="com.google.firebase.messaging.default_notification_color"
82-->src\main\AndroidManifest.xml:69:13-84
83            android:resource="@color/colorPrimaryDark" />
83-->src\main\AndroidManifest.xml:70:13-55
84        <meta-data
84-->src\main\AndroidManifest.xml:71:9-73:71
85            android:name="com.google.firebase.messaging.default_notification_channel_id"
85-->src\main\AndroidManifest.xml:72:13-89
86            android:value="@string/default_notification_channel_id" />
86-->src\main\AndroidManifest.xml:73:13-68
87        <meta-data
87-->src\main\AndroidManifest.xml:74:9-76:37
88            android:name="firebase_crash_collection_enabled"
88-->src\main\AndroidManifest.xml:75:13-61
89            android:value="false" />
89-->src\main\AndroidManifest.xml:76:13-34
90
91        <uses-library
91-->src\main\AndroidManifest.xml:78:9-80:40
92            android:name="org.apache.http.legacy"
92-->src\main\AndroidManifest.xml:79:13-50
93            android:required="false" />
93-->src\main\AndroidManifest.xml:80:13-37
94
95        <meta-data
95-->src\main\AndroidManifest.xml:81:9-83:71
96            android:name="com.google.android.maps.v2.API_KEY"
96-->src\main\AndroidManifest.xml:82:13-62
97            android:value="AIzaSyBhg0xYMV8hKujRpKOjPiZqRIUR6DXCKUQ" />
97-->src\main\AndroidManifest.xml:83:13-68
98        <meta-data
98-->src\main\AndroidManifest.xml:84:9-86:71
99            android:name="com.google.android.nearby.messages.API_KEY"
99-->src\main\AndroidManifest.xml:85:13-70
100            android:value="AIzaSyBfjEl_n5DkOq1XO13pg6BnMbwPgMvVFYA" />
100-->src\main\AndroidManifest.xml:86:13-68
101
102        <activity
102-->[com.google.android.libraries.places:places:2.2.0] AndroidManifest.xml:14:9-20:20
103            android:name="com.google.android.libraries.places.widget.AutocompleteActivity"
103-->[com.google.android.libraries.places:places:2.2.0] AndroidManifest.xml:15:13-91
104            android:exported="false"
104-->[com.google.android.libraries.places:places:2.2.0] AndroidManifest.xml:16:13-37
105            android:label="@string/places_autocomplete_label"
105-->[com.google.android.libraries.places:places:2.2.0] AndroidManifest.xml:17:13-62
106            android:theme="@style/PlacesAutocompleteOverlay"
106-->[com.google.android.libraries.places:places:2.2.0] AndroidManifest.xml:18:13-61
107            android:windowSoftInputMode="adjustResize" >
107-->[com.google.android.libraries.places:places:2.2.0] AndroidManifest.xml:19:13-55
108        </activity>
109        <!--
110             FirebaseMessagingService performs security checks at runtime,
111             but set to not exported to explicitly avoid allowing another app to call it.
112        -->
113        <service
113-->[com.google.firebase:firebase-messaging:20.1.5] AndroidManifest.xml:28:9-34:19
114            android:name="com.google.firebase.messaging.FirebaseMessagingService"
114-->[com.google.firebase:firebase-messaging:20.1.5] AndroidManifest.xml:29:13-82
115            android:exported="false" >
115-->[com.google.firebase:firebase-messaging:20.1.5] AndroidManifest.xml:30:13-37
116            <intent-filter android:priority="-500" >
116-->src\main\AndroidManifest.xml:61:13-63:29
117                <action android:name="com.google.firebase.MESSAGING_EVENT" />
117-->src\main\AndroidManifest.xml:62:17-78
117-->src\main\AndroidManifest.xml:62:25-75
118            </intent-filter>
119        </service>
120        <service
120-->[com.google.firebase:firebase-messaging:20.1.5] AndroidManifest.xml:35:9-41:19
121            android:name="com.google.firebase.components.ComponentDiscoveryService"
121-->[com.google.firebase:firebase-messaging:20.1.5] AndroidManifest.xml:36:13-84
122            android:directBootAware="true"
122-->[com.google.firebase:firebase-common:19.3.1] AndroidManifest.xml:35:13-43
123            android:exported="false" >
123-->[com.google.firebase:firebase-messaging:20.1.5] AndroidManifest.xml:37:13-37
124            <meta-data
124-->[com.google.firebase:firebase-messaging:20.1.5] AndroidManifest.xml:38:13-40:85
125                android:name="com.google.firebase.components:com.google.firebase.messaging.FirebaseMessagingRegistrar"
125-->[com.google.firebase:firebase-messaging:20.1.5] AndroidManifest.xml:39:17-119
126                android:value="com.google.firebase.components.ComponentRegistrar" />
126-->[com.google.firebase:firebase-messaging:20.1.5] AndroidManifest.xml:40:17-82
127            <meta-data
127-->[com.google.firebase:firebase-crashlytics:17.2.2] AndroidManifest.xml:16:13-18:85
128                android:name="com.google.firebase.components:com.google.firebase.crashlytics.CrashlyticsRegistrar"
128-->[com.google.firebase:firebase-crashlytics:17.2.2] AndroidManifest.xml:17:17-115
129                android:value="com.google.firebase.components.ComponentRegistrar" />
129-->[com.google.firebase:firebase-crashlytics:17.2.2] AndroidManifest.xml:18:17-82
130            <meta-data
130-->[com.google.android.gms:play-services-measurement-api:17.3.0] AndroidManifest.xml:30:13-32:85
131                android:name="com.google.firebase.components:com.google.firebase.analytics.connector.internal.AnalyticsConnectorRegistrar"
131-->[com.google.android.gms:play-services-measurement-api:17.3.0] AndroidManifest.xml:31:17-139
132                android:value="com.google.firebase.components.ComponentRegistrar" />
132-->[com.google.android.gms:play-services-measurement-api:17.3.0] AndroidManifest.xml:32:17-82
133            <meta-data
133-->[com.google.firebase:firebase-iid:20.1.5] AndroidManifest.xml:32:13-34:85
134                android:name="com.google.firebase.components:com.google.firebase.iid.Registrar"
134-->[com.google.firebase:firebase-iid:20.1.5] AndroidManifest.xml:33:17-96
135                android:value="com.google.firebase.components.ComponentRegistrar" />
135-->[com.google.firebase:firebase-iid:20.1.5] AndroidManifest.xml:34:17-82
136            <meta-data
136-->[com.google.firebase:firebase-installations:16.3.3] AndroidManifest.xml:17:13-19:85
137                android:name="com.google.firebase.components:com.google.firebase.installations.FirebaseInstallationsRegistrar"
137-->[com.google.firebase:firebase-installations:16.3.3] AndroidManifest.xml:18:17-127
138                android:value="com.google.firebase.components.ComponentRegistrar" />
138-->[com.google.firebase:firebase-installations:16.3.3] AndroidManifest.xml:19:17-82
139            <meta-data
139-->[com.google.firebase:firebase-datatransport:17.0.3] AndroidManifest.xml:28:13-30:85
140                android:name="com.google.firebase.components:com.google.firebase.datatransport.TransportRegistrar"
140-->[com.google.firebase:firebase-datatransport:17.0.3] AndroidManifest.xml:29:17-115
141                android:value="com.google.firebase.components.ComponentRegistrar" />
141-->[com.google.firebase:firebase-datatransport:17.0.3] AndroidManifest.xml:30:17-82
142        </service>
143
144        <receiver
144-->[com.google.android.gms:play-services-measurement:17.3.0] AndroidManifest.xml:29:9-33:20
145            android:name="com.google.android.gms.measurement.AppMeasurementReceiver"
145-->[com.google.android.gms:play-services-measurement:17.3.0] AndroidManifest.xml:30:13-85
146            android:enabled="true"
146-->[com.google.android.gms:play-services-measurement:17.3.0] AndroidManifest.xml:31:13-35
147            android:exported="false" >
147-->[com.google.android.gms:play-services-measurement:17.3.0] AndroidManifest.xml:32:13-37
148        </receiver>
149        <receiver
149-->[com.google.android.gms:play-services-measurement:17.3.0] AndroidManifest.xml:34:9-42:20
150            android:name="com.google.android.gms.measurement.AppMeasurementInstallReferrerReceiver"
150-->[com.google.android.gms:play-services-measurement:17.3.0] AndroidManifest.xml:35:13-100
151            android:enabled="true"
151-->[com.google.android.gms:play-services-measurement:17.3.0] AndroidManifest.xml:36:13-35
152            android:exported="true"
152-->[com.google.android.gms:play-services-measurement:17.3.0] AndroidManifest.xml:37:13-36
153            android:permission="android.permission.INSTALL_PACKAGES" >
153-->[com.google.android.gms:play-services-measurement:17.3.0] AndroidManifest.xml:38:13-69
154            <intent-filter>
154-->[com.google.android.gms:play-services-measurement:17.3.0] AndroidManifest.xml:39:13-41:29
155                <action android:name="com.android.vending.INSTALL_REFERRER" />
155-->[com.google.android.gms:play-services-measurement:17.3.0] AndroidManifest.xml:40:17-79
155-->[com.google.android.gms:play-services-measurement:17.3.0] AndroidManifest.xml:40:25-76
156            </intent-filter>
157        </receiver>
158
159        <service
159-->[com.google.android.gms:play-services-measurement:17.3.0] AndroidManifest.xml:44:9-47:40
160            android:name="com.google.android.gms.measurement.AppMeasurementService"
160-->[com.google.android.gms:play-services-measurement:17.3.0] AndroidManifest.xml:45:13-84
161            android:enabled="true"
161-->[com.google.android.gms:play-services-measurement:17.3.0] AndroidManifest.xml:46:13-35
162            android:exported="false" />
162-->[com.google.android.gms:play-services-measurement:17.3.0] AndroidManifest.xml:47:13-37
163        <service
163-->[com.google.android.gms:play-services-measurement:17.3.0] AndroidManifest.xml:48:9-52:72
164            android:name="com.google.android.gms.measurement.AppMeasurementJobService"
164-->[com.google.android.gms:play-services-measurement:17.3.0] AndroidManifest.xml:49:13-87
165            android:enabled="true"
165-->[com.google.android.gms:play-services-measurement:17.3.0] AndroidManifest.xml:50:13-35
166            android:exported="false"
166-->[com.google.android.gms:play-services-measurement:17.3.0] AndroidManifest.xml:51:13-37
167            android:permission="android.permission.BIND_JOB_SERVICE" />
167-->[com.google.android.gms:play-services-measurement:17.3.0] AndroidManifest.xml:52:13-69
168
169        <receiver
169-->[com.google.firebase:firebase-iid:20.1.5] AndroidManifest.xml:37:9-44:20
170            android:name="com.google.firebase.iid.FirebaseInstanceIdReceiver"
170-->[com.google.firebase:firebase-iid:20.1.5] AndroidManifest.xml:38:13-78
171            android:exported="true"
171-->[com.google.firebase:firebase-iid:20.1.5] AndroidManifest.xml:39:13-36
172            android:permission="com.google.android.c2dm.permission.SEND" >
172-->[com.google.firebase:firebase-iid:20.1.5] AndroidManifest.xml:40:13-73
173            <intent-filter>
173-->[com.google.firebase:firebase-iid:20.1.5] AndroidManifest.xml:41:13-43:29
174                <action android:name="com.google.android.c2dm.intent.RECEIVE" />
174-->[com.google.firebase:firebase-iid:20.1.5] AndroidManifest.xml:42:17-81
174-->[com.google.firebase:firebase-iid:20.1.5] AndroidManifest.xml:42:25-78
175            </intent-filter>
176        </receiver>
177
178        <provider
178-->[com.google.firebase:firebase-common:19.3.1] AndroidManifest.xml:26:9-31:39
179            android:name="com.google.firebase.provider.FirebaseInitProvider"
179-->[com.google.firebase:firebase-common:19.3.1] AndroidManifest.xml:27:13-77
180            android:authorities="com.app.base.mainapp.firebaseinitprovider"
180-->[com.google.firebase:firebase-common:19.3.1] AndroidManifest.xml:28:13-72
181            android:directBootAware="true"
181-->[com.google.firebase:firebase-common:19.3.1] AndroidManifest.xml:29:13-43
182            android:exported="false"
182-->[com.google.firebase:firebase-common:19.3.1] AndroidManifest.xml:30:13-37
183            android:initOrder="100" />
183-->[com.google.firebase:firebase-common:19.3.1] AndroidManifest.xml:31:13-36
184
185        <activity
185-->[com.google.android.gms:play-services-base:17.0.0] AndroidManifest.xml:23:9-26:75
186            android:name="com.google.android.gms.common.api.GoogleApiActivity"
186-->[com.google.android.gms:play-services-base:17.0.0] AndroidManifest.xml:24:13-79
187            android:exported="false"
187-->[com.google.android.gms:play-services-base:17.0.0] AndroidManifest.xml:25:13-37
188            android:theme="@android:style/Theme.Translucent.NoTitleBar" />
188-->[com.google.android.gms:play-services-base:17.0.0] AndroidManifest.xml:26:13-72
189
190        <meta-data
190-->[com.google.android.gms:play-services-basement:17.0.0] AndroidManifest.xml:23:9-25:69
191            android:name="com.google.android.gms.version"
191-->[com.google.android.gms:play-services-basement:17.0.0] AndroidManifest.xml:24:13-58
192            android:value="@integer/google_play_services_version" />
192-->[com.google.android.gms:play-services-basement:17.0.0] AndroidManifest.xml:25:13-66
193
194        <provider
194-->[androidx.lifecycle:lifecycle-process:2.2.0] AndroidManifest.xml:25:9-29:43
195            android:name="androidx.lifecycle.ProcessLifecycleOwnerInitializer"
195-->[androidx.lifecycle:lifecycle-process:2.2.0] AndroidManifest.xml:26:13-79
196            android:authorities="com.app.base.mainapp.lifecycle-process"
196-->[androidx.lifecycle:lifecycle-process:2.2.0] AndroidManifest.xml:27:13-69
197            android:exported="false"
197-->[androidx.lifecycle:lifecycle-process:2.2.0] AndroidManifest.xml:28:13-37
198            android:multiprocess="true" />
198-->[androidx.lifecycle:lifecycle-process:2.2.0] AndroidManifest.xml:29:13-40
199
200        <service
200-->[androidx.room:room-runtime:2.2.5] AndroidManifest.xml:25:9-28:40
201            android:name="androidx.room.MultiInstanceInvalidationService"
201-->[androidx.room:room-runtime:2.2.5] AndroidManifest.xml:26:13-74
202            android:directBootAware="true"
202-->[androidx.room:room-runtime:2.2.5] AndroidManifest.xml:27:13-43
203            android:exported="false" />
203-->[androidx.room:room-runtime:2.2.5] AndroidManifest.xml:28:13-37
204        <service
204-->[com.google.android.datatransport:transport-backend-cct:2.3.1] AndroidManifest.xml:29:9-35:19
205            android:name="com.google.android.datatransport.runtime.backends.TransportBackendDiscovery"
205-->[com.google.android.datatransport:transport-backend-cct:2.3.1] AndroidManifest.xml:30:13-103
206            android:exported="false" >
206-->[com.google.android.datatransport:transport-backend-cct:2.3.1] AndroidManifest.xml:31:13-37
207            <meta-data
207-->[com.google.android.datatransport:transport-backend-cct:2.3.1] AndroidManifest.xml:32:13-34:39
208                android:name="backend:com.google.android.datatransport.cct.CctBackendFactory"
208-->[com.google.android.datatransport:transport-backend-cct:2.3.1] AndroidManifest.xml:33:17-94
209                android:value="cct" />
209-->[com.google.android.datatransport:transport-backend-cct:2.3.1] AndroidManifest.xml:34:17-36
210        </service>
211        <service
211-->[com.google.android.datatransport:transport-runtime:2.2.4] AndroidManifest.xml:26:9-30:19
212            android:name="com.google.android.datatransport.runtime.scheduling.jobscheduling.JobInfoSchedulerService"
212-->[com.google.android.datatransport:transport-runtime:2.2.4] AndroidManifest.xml:27:13-117
213            android:exported="false"
213-->[com.google.android.datatransport:transport-runtime:2.2.4] AndroidManifest.xml:28:13-37
214            android:permission="android.permission.BIND_JOB_SERVICE" >
214-->[com.google.android.datatransport:transport-runtime:2.2.4] AndroidManifest.xml:29:13-69
215        </service>
216
217        <receiver
217-->[com.google.android.datatransport:transport-runtime:2.2.4] AndroidManifest.xml:32:9-34:40
218            android:name="com.google.android.datatransport.runtime.scheduling.jobscheduling.AlarmManagerSchedulerBroadcastReceiver"
218-->[com.google.android.datatransport:transport-runtime:2.2.4] AndroidManifest.xml:33:13-132
219            android:exported="false" />
219-->[com.google.android.datatransport:transport-runtime:2.2.4] AndroidManifest.xml:34:13-37
220    </application>
221
222</manifest>